# JRE version: OpenJDK Runtime Environment (11.0.15+10) (build 11.0.15+10-Ubuntu-0ubuntu0.21.10.1)
# Java VM: OpenJDK 64-Bit Server VM (11.0.15+10-Ubuntu-0ubuntu0.21.10.1, mixed mode, tiered, compressed oops, g1 gc, linux-amd64)
Heap:
 garbage-first heap   total 171008K, used 72055K [0x00000000a0000000, 0x0000000100000000)
  region size 1024K, 1 young (1024K), 0 survivors (0K)
 Metaspace       used 25425K, capacity 26150K, committed 26496K, reserved 1073152K
  class space    used 2538K, capacity 2874K, committed 2944K, reserved 1048576K
GC Heap History (20 events):
Event: 333.983 GC heap before
{Heap before GC invocations=560 (full 175):
 garbage-first heap   total 171008K, used 77009K [0x00000000a0000000, 0x0000000100000000)
  region size 1024K, 6 young (6144K), 1 survivors (1024K)
 Metaspace       used 25398K, capacity 26150K, committed 26496K, reserved 1073152K
  class space    used 2535K, capacity 2874K, committed 2944K, reserved 1048576K
}
Event: 334.072 GC heap after
{Heap after GC invocations=561 (full 176):
 garbage-first heap   total 171008K, used 50338K [0x00000000a0000000, 0x0000000100000000)
  region size 1024K, 0 young (0K), 0 survivors (0K)
 Metaspace       used 25398K, capacity 26150K, committed 26496K, reserved 1073152K
  class space    used 2535K, capacity 2874K, committed 2944K, reserved 1048576K
}
Event: 335.072 GC heap before
{Heap before GC invocations=561 (full 176):
 garbage-first heap   total 171008K, used 51362K [0x00000000a0000000, 0x0000000100000000)
  region size 1024K, 2 young (2048K), 0 survivors (0K)
 Metaspace       used 25400K, capacity 26150K, committed 26496K, reserved 1073152K
  class space    used 2535K, capacity 2874K, committed 2944K, reserved 1048576K
}
Event: 335.317 GC heap after
{Heap after GC invocations=562 (full 177):
 garbage-first heap   total 102400K, used 29036K [0x00000000a0000000, 0x0000000100000000)
  region size 1024K, 0 young (0K), 0 survivors (0K)
 Metaspace       used 25400K, capacity 26150K, committed 26496K, reserved 1073152K
  class space    used 2535K, capacity 2874K, committed 2944K, reserved 1048576K
}
Event: 335.320 GC heap before
{Heap before GC invocations=562 (full 177):
 garbage-first heap   total 102400K, used 29036K [0x00000000a0000000, 0x0000000100000000)
  region size 1024K, 1 young (1024K), 0 survivors (0K)
 Metaspace       used 25400K, capacity 26150K, committed 26496K, reserved 1073152K
  class space    used 2535K, capacity 2874K, committed 2944K, reserved 1048576K
}
Event: 335.343 GC heap after
{Heap after GC invocations=563 (full 177):
 garbage-first heap   total 102400K, used 29117K [0x00000000a0000000, 0x0000000100000000)
  region size 1024K, 1 young (1024K), 1 survivors (1024K)
 Metaspace       used 25400K, capacity 26150K, committed 26496K, reserved 1073152K
  class space    used 2535K, capacity 2874K, committed 2944K, reserved 1048576K
}
Event: 336.159 GC heap before
{Heap before GC invocations=564 (full 177):
 garbage-first heap   total 102400K, used 50621K [0x00000000a0000000, 0x0000000100000000)
  region size 1024K, 2 young (2048K), 1 survivors (1024K)
 Metaspace       used 25400K, capacity 26150K, committed 26496K, reserved 1073152K
  class space    used 2535K, capacity 2874K, committed 2944K, reserved 1048576K
}
Event: 336.166 GC heap after
{Heap after GC invocations=565 (full 177):
 garbage-first heap   total 102400K, used 29066K [0x00000000a0000000, 0x0000000100000000)
  region size 1024K, 1 young (1024K), 1 survivors (1024K)
 Metaspace       used 25400K, capacity 26150K, committed 26496K, reserved 1073152K
  class space    used 2535K, capacity 2874K, committed 2944K, reserved 1048576K
}
Event: 336.318 GC heap before
{Heap before GC invocations=566 (full 177):
 garbage-first heap   total 102400K, used 50570K [0x00000000a0000000, 0x0000000100000000)
  region size 1024K, 2 young (2048K), 1 survivors (1024K)
 Metaspace       used 25400K, capacity 26150K, committed 26496K, reserved 1073152K
  class space    used 2535K, capacity 2874K, committed 2944K, reserved 1048576K
}
Event: 336.440 GC heap after
{Heap after GC invocations=567 (full 178):
 garbage-first heap   total 102400K, used 50539K [0x00000000a0000000, 0x0000000100000000)
  region size 1024K, 0 young (0K), 0 survivors (0K)
 Metaspace       used 25400K, capacity 26150K, committed 26496K, reserved 1073152K
  class space    used 2535K, capacity 2874K, committed 2944K, reserved 1048576K
}
Event: 336.662 GC heap before
{Heap before GC invocations=567 (full 178):
 garbage-first heap   total 102400K, used 50539K [0x00000000a0000000, 0x0000000100000000)
  region size 1024K, 1 young (1024K), 0 survivors (0K)
 Metaspace       used 25400K, capacity 26150K, committed 26496K, reserved 1073152K
  class space    used 2535K, capacity 2874K, committed 2944K, reserved 1048576K
}
Event: 336.671 GC heap after
{Heap after GC invocations=568 (full 178):
 garbage-first heap   total 102400K, used 50544K [0x00000000a0000000, 0x0000000100000000)
  region size 1024K, 1 young (1024K), 1 survivors (1024K)
 Metaspace       used 25400K, capacity 26150K, committed 26496K, reserved 1073152K
  class space    used 2535K, capacity 2874K, committed 2944K, reserved 1048576K
}
Event: 337.005 GC heap before
{Heap before GC invocations=569 (full 178):
 garbage-first heap   total 102400K, used 50544K [0x00000000a0000000, 0x0000000100000000)
  region size 1024K, 2 young (2048K), 1 survivors (1024K)
 Metaspace       used 25400K, capacity 26150K, committed 26496K, reserved 1073152K
  class space    used 2535K, capacity 2874K, committed 2944K, reserved 1048576K
}
Event: 337.012 GC heap after
{Heap after GC invocations=570 (full 178):
 garbage-first heap   total 220160K, used 29039K [0x00000000a0000000, 0x0000000100000000)
  region size 1024K, 1 young (1024K), 1 survivors (1024K)
 Metaspace       used 25400K, capacity 26150K, committed 26496K, reserved 1073152K
  class space    used 2535K, capacity 2874K, committed 2944K, reserved 1048576K
}
Event: 337.441 GC heap before
{Heap before GC invocations=571 (full 178):
 garbage-first heap   total 220160K, used 50543K [0x00000000a0000000, 0x0000000100000000)
  region size 1024K, 2 young (2048K), 1 survivors (1024K)
 Metaspace       used 25400K, capacity 26150K, committed 26496K, reserved 1073152K
  class space    used 2535K, capacity 2874K, committed 2944K, reserved 1048576K
}
Event: 337.535 GC heap after
{Heap after GC invocations=572 (full 179):
 garbage-first heap   total 171008K, used 50542K [0x00000000a0000000, 0x0000000100000000)
  region size 1024K, 0 young (0K), 0 survivors (0K)
 Metaspace       used 25400K, capacity 26150K, committed 26496K, reserved 1073152K
  class space    used 2535K, capacity 2874K, committed 2944K, reserved 1048576K
}
Event: 338.043 GC heap before
{Heap before GC invocations=572 (full 179):
 garbage-first heap   total 171008K, used 74094K [0x00000000a0000000, 0x0000000100000000)
  region size 1024K, 3 young (3072K), 0 survivors (0K)
 Metaspace       used 25401K, capacity 26150K, committed 26496K, reserved 1073152K
  class space    used 2535K, capacity 2874K, committed 2944K, reserved 1048576K
}
Event: 338.050 GC heap after
{Heap after GC invocations=573 (full 179):
 garbage-first heap   total 171008K, used 50563K [0x00000000a0000000, 0x0000000100000000)
  region size 1024K, 1 young (1024K), 1 survivors (1024K)
 Metaspace       used 25401K, capacity 26150K, committed 26496K, reserved 1073152K
  class space    used 2535K, capacity 2874K, committed 2944K, reserved 1048576K
}
Event: 338.537 GC heap before
{Heap before GC invocations=574 (full 179):
 garbage-first heap   total 171008K, used 71043K [0x00000000a0000000, 0x0000000100000000)
  region size 1024K, 22 young (22528K), 1 survivors (1024K)
 Metaspace       used 25424K, capacity 26150K, committed 26496K, reserved 1073152K
  class space    used 2538K, capacity 2874K, committed 2944K, reserved 1048576K
}
Event: 338.730 GC heap after
{Heap after GC invocations=575 (full 180):
 garbage-first heap   total 171008K, used 50551K [0x00000000a0000000, 0x0000000100000000)
  region size 1024K, 0 young (0K), 0 survivors (0K)
 Metaspace       used 25424K, capacity 26150K, committed 26496K, reserved 1073152K
  class space    used 2538K, capacity 2874K, committed 2944K, reserved 1048576K
}

